Traceback (most recent call last):
  File "/Library/Frameworks/Python.framework/Versions/3.13/lib/python3.13/site-packages/jupyter_core/utils/__init__.py", line 154, in wrapped
    asyncio.get_running_loop()
    ~~~~~~~~~~~~~~~~~~~~~~~~^^
RuntimeError: no running event loop

During handling of the above exception, another exception occurred:

Traceback (most recent call last):
  File "/Library/Frameworks/Python.framework/Versions/3.13/lib/python3.13/site-packages/jupyter_cache/executors/utils.py", line 58, in single_nb_execution
    executenb(
    ~~~~~~~~~^
        nb,
        ^^^
    ...<4 lines>...
        **kwargs,
        ^^^^^^^^^
    )
    ^
  File "/Library/Frameworks/Python.framework/Versions/3.13/lib/python3.13/site-packages/nbclient/client.py", line 1319, in execute
    return NotebookClient(nb=nb, resources=resources, km=km, **kwargs).execute()
           ~~~~~~~~~~~~~~~~~~~~~~~~~~~~~~~~~~~~~~~~~~~~~~~~~~~~~~~~~~~~~~~~~~~^^
  File "/Library/Frameworks/Python.framework/Versions/3.13/lib/python3.13/site-packages/jupyter_core/utils/__init__.py", line 158, in wrapped
    return loop.run_until_complete(inner)
           ~~~~~~~~~~~~~~~~~~~~~~~^^^^^^^
  File "/Library/Frameworks/Python.framework/Versions/3.13/lib/python3.13/asyncio/base_events.py", line 725, in run_until_complete
    return future.result()
           ~~~~~~~~~~~~~^^
  File "/Library/Frameworks/Python.framework/Versions/3.13/lib/python3.13/site-packages/nbclient/client.py", line 709, in async_execute
    await self.async_execute_cell(
        cell, index, execution_count=self.code_cells_executed + 1
    )
  File "/Library/Frameworks/Python.framework/Versions/3.13/lib/python3.13/site-packages/nbclient/client.py", line 1062, in async_execute_cell
    await self._check_raise_for_error(cell, cell_index, exec_reply)
  File "/Library/Frameworks/Python.framework/Versions/3.13/lib/python3.13/site-packages/nbclient/client.py", line 918, in _check_raise_for_error
    raise CellExecutionError.from_cell_and_msg(cell, exec_reply_content)
nbclient.exceptions.CellExecutionError: An error occurred while executing the following cell:
------------------
# ============================
# 2. Load and Preprocess Dataset
# ============================


# Load dataset
data = fetch_california_housing()
X, y = data.data, data.target
------------------

----- stderr -----
/Library/Frameworks/Python.framework/Versions/3.13/lib/python3.13/site-packages/sklearn/datasets/_base.py:1518: UserWarning: Retry downloading from url: https://ndownloader.figshare.com/files/5976036
  warnings.warn(f"Retry downloading from url: {remote.url}")
------------------

[31m---------------------------------------------------------------------------[39m
[31mSSLCertVerificationError[39m                  Traceback (most recent call last)
[36mFile [39m[32m/Library/Frameworks/Python.framework/Versions/3.13/lib/python3.13/urllib/request.py:1319[39m, in [36mAbstractHTTPHandler.do_open[39m[34m(self, http_class, req, **http_conn_args)[39m
[32m   1318[39m [38;5;28;01mtry[39;00m:
[32m-> [39m[32m1319[39m     [43mh[49m[43m.[49m[43mrequest[49m[43m([49m[43mreq[49m[43m.[49m[43mget_method[49m[43m([49m[43m)[49m[43m,[49m[43m [49m[43mreq[49m[43m.[49m[43mselector[49m[43m,[49m[43m [49m[43mreq[49m[43m.[49m[43mdata[49m[43m,[49m[43m [49m[43mheaders[49m[43m,[49m
[32m   1320[39m [43m              [49m[43mencode_chunked[49m[43m=[49m[43mreq[49m[43m.[49m[43mhas_header[49m[43m([49m[33;43m'[39;49m[33;43mTransfer-encoding[39;49m[33;43m'[39;49m[43m)[49m[43m)[49m
[32m   1321[39m [38;5;28;01mexcept[39;00m [38;5;167;01mOSError[39;00m [38;5;28;01mas[39;00m err: [38;5;66;03m# timeout error[39;00m

[36mFile [39m[32m/Library/Frameworks/Python.framework/Versions/3.13/lib/python3.13/http/client.py:1338[39m, in [36mHTTPConnection.request[39m[34m(self, method, url, body, headers, encode_chunked)[39m
[32m   1337[39m [38;5;250m[39m[33;03m"""Send a complete request to the server."""[39;00m
[32m-> [39m[32m1338[39m [38;5;28;43mself[39;49m[43m.[49m[43m_send_request[49m[43m([49m[43mmethod[49m[43m,[49m[43m [49m[43murl[49m[43m,[49m[43m [49m[43mbody[49m[43m,[49m[43m [49m[43mheaders[49m[43m,[49m[43m [49m[43mencode_chunked[49m[43m)[49m

[36mFile [39m[32m/Library/Frameworks/Python.framework/Versions/3.13/lib/python3.13/http/client.py:1384[39m, in [36mHTTPConnection._send_request[39m[34m(self, method, url, body, headers, encode_chunked)[39m
[32m   1383[39m     body = _encode(body, [33m'[39m[33mbody[39m[33m'[39m)
[32m-> [39m[32m1384[39m [38;5;28;43mself[39;49m[43m.[49m[43mendheaders[49m[43m([49m[43mbody[49m[43m,[49m[43m [49m[43mencode_chunked[49m[43m=[49m[43mencode_chunked[49m[43m)[49m

[36mFile [39m[32m/Library/Frameworks/Python.framework/Versions/3.13/lib/python3.13/http/client.py:1333[39m, in [36mHTTPConnection.endheaders[39m[34m(self, message_body, encode_chunked)[39m
[32m   1332[39m     [38;5;28;01mraise[39;00m CannotSendHeader()
[32m-> [39m[32m1333[39m [38;5;28;43mself[39;49m[43m.[49m[43m_send_output[49m[43m([49m[43mmessage_body[49m[43m,[49m[43m [49m[43mencode_chunked[49m[43m=[49m[43mencode_chunked[49m[43m)[49m

[36mFile [39m[32m/Library/Frameworks/Python.framework/Versions/3.13/lib/python3.13/http/client.py:1093[39m, in [36mHTTPConnection._send_output[39m[34m(self, message_body, encode_chunked)[39m
[32m   1092[39m [38;5;28;01mdel[39;00m [38;5;28mself[39m._buffer[:]
[32m-> [39m[32m1093[39m [38;5;28;43mself[39;49m[43m.[49m[43msend[49m[43m([49m[43mmsg[49m[43m)[49m
[32m   1095[39m [38;5;28;01mif[39;00m message_body [38;5;129;01mis[39;00m [38;5;129;01mnot[39;00m [38;5;28;01mNone[39;00m:
[32m   1096[39m 
[32m   1097[39m     [38;5;66;03m# create a consistent interface to message_body[39;00m

[36mFile [39m[32m/Library/Frameworks/Python.framework/Versions/3.13/lib/python3.13/http/client.py:1037[39m, in [36mHTTPConnection.send[39m[34m(self, data)[39m
[32m   1036[39m [38;5;28;01mif[39;00m [38;5;28mself[39m.auto_open:
[32m-> [39m[32m1037[39m     [38;5;28;43mself[39;49m[43m.[49m[43mconnect[49m[43m([49m[43m)[49m
[32m   1038[39m [38;5;28;01melse[39;00m:

[36mFile [39m[32m/Library/Frameworks/Python.framework/Versions/3.13/lib/python3.13/http/client.py:1479[39m, in [36mHTTPSConnection.connect[39m[34m(self)[39m
[32m   1477[39m     server_hostname = [38;5;28mself[39m.host
[32m-> [39m[32m1479[39m [38;5;28mself[39m.sock = [38;5;28;43mself[39;49m[43m.[49m[43m_context[49m[43m.[49m[43mwrap_socket[49m[43m([49m[38;5;28;43mself[39;49m[43m.[49m[43msock[49m[43m,[49m
[32m   1480[39m [43m                                      [49m[43mserver_hostname[49m[43m=[49m[43mserver_hostname[49m[43m)[49m

[36mFile [39m[32m/Library/Frameworks/Python.framework/Versions/3.13/lib/python3.13/ssl.py:455[39m, in [36mSSLContext.wrap_socket[39m[34m(self, sock, server_side, do_handshake_on_connect, suppress_ragged_eofs, server_hostname, session)[39m
[32m    449[39m [38;5;28;01mdef[39;00m[38;5;250m [39m[34mwrap_socket[39m([38;5;28mself[39m, sock, server_side=[38;5;28;01mFalse[39;00m,
[32m    450[39m                 do_handshake_on_connect=[38;5;28;01mTrue[39;00m,
[32m    451[39m                 suppress_ragged_eofs=[38;5;28;01mTrue[39;00m,
[32m    452[39m                 server_hostname=[38;5;28;01mNone[39;00m, session=[38;5;28;01mNone[39;00m):
[32m    453[39m     [38;5;66;03m# SSLSocket class handles server_hostname encoding before it calls[39;00m
[32m    454[39m     [38;5;66;03m# ctx._wrap_socket()[39;00m
[32m--> [39m[32m455[39m     [38;5;28;01mreturn[39;00m [38;5;28;43mself[39;49m[43m.[49m[43msslsocket_class[49m[43m.[49m[43m_create[49m[43m([49m
[32m    456[39m [43m        [49m[43msock[49m[43m=[49m[43msock[49m[43m,[49m
[32m    457[39m [43m        [49m[43mserver_side[49m[43m=[49m[43mserver_side[49m[43m,[49m
[32m    458[39m [43m        [49m[43mdo_handshake_on_connect[49m[43m=[49m[43mdo_handshake_on_connect[49m[43m,[49m
[32m    459[39m [43m        [49m[43msuppress_ragged_eofs[49m[43m=[49m[43msuppress_ragged_eofs[49m[43m,[49m
[32m    460[39m [43m        [49m[43mserver_hostname[49m[43m=[49m[43mserver_hostname[49m[43m,[49m
[32m    461[39m [43m        [49m[43mcontext[49m[43m=[49m[38;5;28;43mself[39;49m[43m,[49m
[32m    462[39m [43m        [49m[43msession[49m[43m=[49m[43msession[49m
[32m    463[39m [43m    [49m[43m)[49m

[36mFile [39m[32m/Library/Frameworks/Python.framework/Versions/3.13/lib/python3.13/ssl.py:1076[39m, in [36mSSLSocket._create[39m[34m(cls, sock, server_side, do_handshake_on_connect, suppress_ragged_eofs, server_hostname, context, session)[39m
[32m   1075[39m                 [38;5;28;01mraise[39;00m [38;5;167;01mValueError[39;00m([33m"[39m[33mdo_handshake_on_connect should not be specified for non-blocking sockets[39m[33m"[39m)
[32m-> [39m[32m1076[39m             [38;5;28;43mself[39;49m[43m.[49m[43mdo_handshake[49m[43m([49m[43m)[49m
[32m   1077[39m [38;5;28;01mexcept[39;00m:

[36mFile [39m[32m/Library/Frameworks/Python.framework/Versions/3.13/lib/python3.13/ssl.py:1372[39m, in [36mSSLSocket.do_handshake[39m[34m(self, block)[39m
[32m   1371[39m         [38;5;28mself[39m.settimeout([38;5;28;01mNone[39;00m)
[32m-> [39m[32m1372[39m     [38;5;28;43mself[39;49m[43m.[49m[43m_sslobj[49m[43m.[49m[43mdo_handshake[49m[43m([49m[43m)[49m
[32m   1373[39m [38;5;28;01mfinally[39;00m:

[31mSSLCertVerificationError[39m: [SSL: CERTIFICATE_VERIFY_FAILED] certificate verify failed: unable to get local issuer certificate (_ssl.c:1032)

During handling of the above exception, another exception occurred:

[31mURLError[39m                                  Traceback (most recent call last)
[36mCell[39m[36m [39m[32mIn[2][39m[32m, line 7[39m
[32m      1[39m [38;5;66;03m# ============================[39;00m
[32m      2[39m [38;5;66;03m# 2. Load and Preprocess Dataset[39;00m
[32m      3[39m [38;5;66;03m# ============================[39;00m
[32m      4[39m 
[32m      5[39m 
[32m      6[39m [38;5;66;03m# Load dataset[39;00m
[32m----> [39m[32m7[39m data = [43mfetch_california_housing[49m[43m([49m[43m)[49m
[32m      8[39m X, y = data.data, data.target

[36mFile [39m[32m/Library/Frameworks/Python.framework/Versions/3.13/lib/python3.13/site-packages/sklearn/utils/_param_validation.py:218[39m, in [36mvalidate_params.<locals>.decorator.<locals>.wrapper[39m[34m(*args, **kwargs)[39m
[32m    212[39m [38;5;28;01mtry[39;00m:
[32m    213[39m     [38;5;28;01mwith[39;00m config_context(
[32m    214[39m         skip_parameter_validation=(
[32m    215[39m             prefer_skip_nested_validation [38;5;129;01mor[39;00m global_skip_validation
[32m    216[39m         )
[32m    217[39m     ):
[32m--> [39m[32m218[39m         [38;5;28;01mreturn[39;00m [43mfunc[49m[43m([49m[43m*[49m[43margs[49m[43m,[49m[43m [49m[43m*[49m[43m*[49m[43mkwargs[49m[43m)[49m
[32m    219[39m [38;5;28;01mexcept[39;00m InvalidParameterError [38;5;28;01mas[39;00m e:
[32m    220[39m     [38;5;66;03m# When the function is just a wrapper around an estimator, we allow[39;00m
[32m    221[39m     [38;5;66;03m# the function to delegate validation to the estimator, but we replace[39;00m
[32m    222[39m     [38;5;66;03m# the name of the estimator by the name of the function in the error[39;00m
[32m    223[39m     [38;5;66;03m# message to avoid confusion.[39;00m
[32m    224[39m     msg = re.sub(
[32m    225[39m         [33mr[39m[33m"[39m[33mparameter of [39m[33m\[39m[33mw+ must be[39m[33m"[39m,
[32m    226[39m         [33mf[39m[33m"[39m[33mparameter of [39m[38;5;132;01m{[39;00mfunc.[34m__qualname__[39m[38;5;132;01m}[39;00m[33m must be[39m[33m"[39m,
[32m    227[39m         [38;5;28mstr[39m(e),
[32m    228[39m     )

[36mFile [39m[32m/Library/Frameworks/Python.framework/Versions/3.13/lib/python3.13/site-packages/sklearn/datasets/_california_housing.py:177[39m, in [36mfetch_california_housing[39m[34m(data_home, download_if_missing, return_X_y, as_frame, n_retries, delay)[39m
[32m    171[39m     [38;5;28;01mraise[39;00m [38;5;167;01mOSError[39;00m([33m"[39m[33mData not found and `download_if_missing` is False[39m[33m"[39m)
[32m    173[39m logger.info(
[32m    174[39m     [33m"[39m[33mDownloading Cal. housing from [39m[38;5;132;01m{}[39;00m[33m to [39m[38;5;132;01m{}[39;00m[33m"[39m.format(ARCHIVE.url, data_home)
[32m    175[39m )
[32m--> [39m[32m177[39m archive_path = [43m_fetch_remote[49m[43m([49m
[32m    178[39m [43m    [49m[43mARCHIVE[49m[43m,[49m
[32m    179[39m [43m    [49m[43mdirname[49m[43m=[49m[43mdata_home[49m[43m,[49m
[32m    180[39m [43m    [49m[43mn_retries[49m[43m=[49m[43mn_retries[49m[43m,[49m
[32m    181[39m [43m    [49m[43mdelay[49m[43m=[49m[43mdelay[49m[43m,[49m
[32m    182[39m [43m[49m[43m)[49m
[32m    184[39m [38;5;28;01mwith[39;00m tarfile.open(mode=[33m"[39m[33mr:gz[39m[33m"[39m, name=archive_path) [38;5;28;01mas[39;00m f:
[32m    185[39m     cal_housing = np.loadtxt(
[32m    186[39m         f.extractfile([33m"[39m[33mCaliforniaHousing/cal_housing.data[39m[33m"[39m), delimiter=[33m"[39m[33m,[39m[33m"[39m
[32m    187[39m     )

[36mFile [39m[32m/Library/Frameworks/Python.framework/Versions/3.13/lib/python3.13/site-packages/sklearn/datasets/_base.py:1512[39m, in [36m_fetch_remote[39m[34m(remote, dirname, n_retries, delay)[39m
[32m   1510[39m [38;5;28;01mwhile[39;00m [38;5;28;01mTrue[39;00m:
[32m   1511[39m     [38;5;28;01mtry[39;00m:
[32m-> [39m[32m1512[39m         [43murlretrieve[49m[43m([49m[43mremote[49m[43m.[49m[43murl[49m[43m,[49m[43m [49m[43mtemp_file_path[49m[43m)[49m
[32m   1513[39m         [38;5;28;01mbreak[39;00m
[32m   1514[39m     [38;5;28;01mexcept[39;00m (URLError, [38;5;167;01mTimeoutError[39;00m):

[36mFile [39m[32m/Library/Frameworks/Python.framework/Versions/3.13/lib/python3.13/urllib/request.py:214[39m, in [36murlretrieve[39m[34m(url, filename, reporthook, data)[39m
[32m    197[39m [38;5;250m[39m[33;03m"""[39;00m
[32m    198[39m [33;03mRetrieve a URL into a temporary location on disk.[39;00m
[32m    199[39m 
[32m   (...)[39m[32m    210[39m [33;03mdata file as well as the resulting HTTPMessage object.[39;00m
[32m    211[39m [33;03m"""[39;00m
[32m    212[39m url_type, path = _splittype(url)
[32m--> [39m[32m214[39m [38;5;28;01mwith[39;00m contextlib.closing([43murlopen[49m[43m([49m[43murl[49m[43m,[49m[43m [49m[43mdata[49m[43m)[49m) [38;5;28;01mas[39;00m fp:
[32m    215[39m     headers = fp.info()
[32m    217[39m     [38;5;66;03m# Just return the local path and the "headers" for file://[39;00m
[32m    218[39m     [38;5;66;03m# URLs. No sense in performing a copy unless requested.[39;00m

[36mFile [39m[32m/Library/Frameworks/Python.framework/Versions/3.13/lib/python3.13/urllib/request.py:189[39m, in [36murlopen[39m[34m(url, data, timeout, context)[39m
[32m    187[39m [38;5;28;01melse[39;00m:
[32m    188[39m     opener = _opener
[32m--> [39m[32m189[39m [38;5;28;01mreturn[39;00m [43mopener[49m[43m.[49m[43mopen[49m[43m([49m[43murl[49m[43m,[49m[43m [49m[43mdata[49m[43m,[49m[43m [49m[43mtimeout[49m[43m)[49m

[36mFile [39m[32m/Library/Frameworks/Python.framework/Versions/3.13/lib/python3.13/urllib/request.py:489[39m, in [36mOpenerDirector.open[39m[34m(self, fullurl, data, timeout)[39m
[32m    486[39m     req = meth(req)
[32m    488[39m sys.audit([33m'[39m[33murllib.Request[39m[33m'[39m, req.full_url, req.data, req.headers, req.get_method())
[32m--> [39m[32m489[39m response = [38;5;28;43mself[39;49m[43m.[49m[43m_open[49m[43m([49m[43mreq[49m[43m,[49m[43m [49m[43mdata[49m[43m)[49m
[32m    491[39m [38;5;66;03m# post-process response[39;00m
[32m    492[39m meth_name = protocol+[33m"[39m[33m_response[39m[33m"[39m

[36mFile [39m[32m/Library/Frameworks/Python.framework/Versions/3.13/lib/python3.13/urllib/request.py:506[39m, in [36mOpenerDirector._open[39m[34m(self, req, data)[39m
[32m    503[39m     [38;5;28;01mreturn[39;00m result
[32m    505[39m protocol = req.type
[32m--> [39m[32m506[39m result = [38;5;28;43mself[39;49m[43m.[49m[43m_call_chain[49m[43m([49m[38;5;28;43mself[39;49m[43m.[49m[43mhandle_open[49m[43m,[49m[43m [49m[43mprotocol[49m[43m,[49m[43m [49m[43mprotocol[49m[43m [49m[43m+[49m
[32m    507[39m [43m                          [49m[33;43m'[39;49m[33;43m_open[39;49m[33;43m'[39;49m[43m,[49m[43m [49m[43mreq[49m[43m)[49m
[32m    508[39m [38;5;28;01mif[39;00m result:
[32m    509[39m     [38;5;28;01mreturn[39;00m result

[36mFile [39m[32m/Library/Frameworks/Python.framework/Versions/3.13/lib/python3.13/urllib/request.py:466[39m, in [36mOpenerDirector._call_chain[39m[34m(self, chain, kind, meth_name, *args)[39m
[32m    464[39m [38;5;28;01mfor[39;00m handler [38;5;129;01min[39;00m handlers:
[32m    465[39m     func = [38;5;28mgetattr[39m(handler, meth_name)
[32m--> [39m[32m466[39m     result = [43mfunc[49m[43m([49m[43m*[49m[43margs[49m[43m)[49m
[32m    467[39m     [38;5;28;01mif[39;00m result [38;5;129;01mis[39;00m [38;5;129;01mnot[39;00m [38;5;28;01mNone[39;00m:
[32m    468[39m         [38;5;28;01mreturn[39;00m result

[36mFile [39m[32m/Library/Frameworks/Python.framework/Versions/3.13/lib/python3.13/urllib/request.py:1367[39m, in [36mHTTPSHandler.https_open[39m[34m(self, req)[39m
[32m   1366[39m [38;5;28;01mdef[39;00m[38;5;250m [39m[34mhttps_open[39m([38;5;28mself[39m, req):
[32m-> [39m[32m1367[39m     [38;5;28;01mreturn[39;00m [38;5;28;43mself[39;49m[43m.[49m[43mdo_open[49m[43m([49m[43mhttp[49m[43m.[49m[43mclient[49m[43m.[49m[43mHTTPSConnection[49m[43m,[49m[43m [49m[43mreq[49m[43m,[49m
[32m   1368[39m [43m                        [49m[43mcontext[49m[43m=[49m[38;5;28;43mself[39;49m[43m.[49m[43m_context[49m[43m)[49m

[36mFile [39m[32m/Library/Frameworks/Python.framework/Versions/3.13/lib/python3.13/urllib/request.py:1322[39m, in [36mAbstractHTTPHandler.do_open[39m[34m(self, http_class, req, **http_conn_args)[39m
[32m   1319[39m         h.request(req.get_method(), req.selector, req.data, headers,
[32m   1320[39m                   encode_chunked=req.has_header([33m'[39m[33mTransfer-encoding[39m[33m'[39m))
[32m   1321[39m     [38;5;28;01mexcept[39;00m [38;5;167;01mOSError[39;00m [38;5;28;01mas[39;00m err: [38;5;66;03m# timeout error[39;00m
[32m-> [39m[32m1322[39m         [38;5;28;01mraise[39;00m URLError(err)
[32m   1323[39m     r = h.getresponse()
[32m   1324[39m [38;5;28;01mexcept[39;00m:

[31mURLError[39m: <urlopen error [SSL: CERTIFICATE_VERIFY_FAILED] certificate verify failed: unable to get local issuer certificate (_ssl.c:1032)>

